2023-08-22T20:58:04.508+03:00  INFO 16728 --- [restartedMain] com.example.demo.DemoApplication         : Starting DemoApplication using Java 17.0.7 with PID 16728 (C:\Users\Administrator\Desktop\Btk-Innova-Spring Boot\10. Day (18.08.2023)\demo\target\classes started by Alperen in C:\Users\Administrator\Desktop\Btk-Innova-Spring Boot\10. Day (18.08.2023))
2023-08-22T20:58:04.516+03:00 DEBUG 16728 --- [restartedMain] com.example.demo.DemoApplication         : Running with Spring Boot v3.1.2, Spring v6.0.11
2023-08-22T20:58:04.518+03:00  INFO 16728 --- [restartedMain] com.example.demo.DemoApplication         : No active profile set, falling back to 1 default profile: "default"
2023-08-22T20:58:04.591+03:00  INFO 16728 --- [restartedMain] .e.DevToolsPropertyDefaultsPostProcessor : Devtools property defaults active! Set 'spring.devtools.add-properties' to 'false' to disable
2023-08-22T20:58:04.592+03:00  INFO 16728 --- [restartedMain] .e.DevToolsPropertyDefaultsPostProcessor : For additional web related logging consider setting the 'logging.level.web' property to 'DEBUG'
2023-08-22T20:58:05.970+03:00  INFO 16728 --- [restartedMain] .s.d.r.c.RepositoryConfigurationDelegate : Bootstrapping Spring Data JPA repositories in DEFAULT mode.
2023-08-22T20:58:06.053+03:00  INFO 16728 --- [restartedMain] .s.d.r.c.RepositoryConfigurationDelegate : Finished Spring Data repository scanning in 71 ms. Found 1 JPA repository interfaces.
2023-08-22T20:58:06.861+03:00  INFO 16728 --- [restartedMain] o.s.b.w.embedded.tomcat.TomcatWebServer  : Tomcat initialized with port(s): 8080 (http)
2023-08-22T20:58:06.873+03:00  INFO 16728 --- [restartedMain] o.apache.catalina.core.StandardService   : Starting service [Tomcat]
2023-08-22T20:58:06.874+03:00  INFO 16728 --- [restartedMain] o.apache.catalina.core.StandardEngine    : Starting Servlet engine: [Apache Tomcat/10.1.11]
2023-08-22T20:58:06.965+03:00  INFO 16728 --- [restartedMain] o.a.c.c.C.[Tomcat].[localhost].[/]       : Initializing Spring embedded WebApplicationContext
2023-08-22T20:58:06.966+03:00  INFO 16728 --- [restartedMain] w.s.c.ServletWebServerApplicationContext : Root WebApplicationContext: initialization completed in 2371 ms
2023-08-22T20:58:07.275+03:00  INFO 16728 --- [restartedMain] o.hibernate.jpa.internal.util.LogHelper  : HHH000204: Processing PersistenceUnitInfo [name: default]
2023-08-22T20:58:07.360+03:00  INFO 16728 --- [restartedMain] org.hibernate.Version                    : HHH000412: Hibernate ORM core version 6.2.6.Final
2023-08-22T20:58:07.364+03:00  INFO 16728 --- [restartedMain] org.hibernate.cfg.Environment            : HHH000406: Using bytecode reflection optimizer
2023-08-22T20:58:07.569+03:00  INFO 16728 --- [restartedMain] o.h.b.i.BytecodeProviderInitiator        : HHH000021: Bytecode provider name : bytebuddy
2023-08-22T20:58:07.740+03:00  INFO 16728 --- [restartedMain] o.s.o.j.p.SpringPersistenceUnitInfo      : No LoadTimeWeaver setup: ignoring JPA class transformer
2023-08-22T20:58:07.761+03:00  INFO 16728 --- [restartedMain] com.zaxxer.hikari.HikariDataSource       : HikariPool-1 - Starting...
2023-08-22T20:58:07.945+03:00  INFO 16728 --- [restartedMain] com.zaxxer.hikari.pool.HikariPool        : HikariPool-1 - Added connection org.postgresql.jdbc.PgConnection@3aa3203e
2023-08-22T20:58:07.948+03:00  INFO 16728 --- [restartedMain] com.zaxxer.hikari.HikariDataSource       : HikariPool-1 - Start completed.
2023-08-22T20:58:08.309+03:00  INFO 16728 --- [restartedMain] o.h.b.i.BytecodeProviderInitiator        : HHH000021: Bytecode provider name : bytebuddy
2023-08-22T20:58:09.033+03:00  INFO 16728 --- [restartedMain] o.h.e.t.j.p.i.JtaPlatformInitiator       : HHH000490: Using JtaPlatform implementation: [org.hibernate.engine.transaction.jta.platform.internal.NoJtaPlatform]
2023-08-22T20:58:09.039+03:00  INFO 16728 --- [restartedMain] j.LocalContainerEntityManagerFactoryBean : Initialized JPA EntityManagerFactory for persistence unit 'default'
2023-08-22T20:58:09.458+03:00  INFO 16728 --- [restartedMain] o.s.d.j.r.query.QueryEnhancerFactory     : Hibernate is in classpath; If applicable, HQL parser will be used.
2023-08-22T20:58:09.946+03:00  WARN 16728 --- [restartedMain] JpaBaseConfiguration$JpaWebConfiguration : spring.jpa.open-in-view is enabled by default. Therefore, database queries may be performed during view rendering. Explicitly configure spring.jpa.open-in-view to disable this warning
2023-08-22T20:58:10.632+03:00  INFO 16728 --- [restartedMain] o.s.b.d.a.OptionalLiveReloadServer       : LiveReload server is running on port 35729
2023-08-22T20:58:10.640+03:00  INFO 16728 --- [restartedMain] o.s.b.a.e.web.EndpointLinksResolver      : Exposing 1 endpoint(s) beneath base path '/actuator'
2023-08-22T20:58:10.750+03:00  INFO 16728 --- [restartedMain] o.s.b.w.embedded.tomcat.TomcatWebServer  : Tomcat started on port(s): 8080 (http) with context path ''
2023-08-22T20:58:10.766+03:00  INFO 16728 --- [restartedMain] com.example.demo.DemoApplication         : Started DemoApplication in 6.78 seconds (process running for 7.426)
2023-08-22T20:58:13.561+03:00  INFO 16728 --- [RMI TCP Connection(1)-127.0.0.1] o.a.c.c.C.[Tomcat].[localhost].[/]       : Initializing Spring DispatcherServlet 'dispatcherServlet'
2023-08-22T20:58:13.562+03:00  INFO 16728 --- [RMI TCP Connection(1)-127.0.0.1] o.s.web.servlet.DispatcherServlet        : Initializing Servlet 'dispatcherServlet'
2023-08-22T20:58:13.564+03:00  INFO 16728 --- [RMI TCP Connection(1)-127.0.0.1] o.s.web.servlet.DispatcherServlet        : Completed initialization in 1 ms
